Determining if the pthread_create exist failed with the following output:
Change Dir: /home/robot/catkin_ws/src/2021_embedded/wed_05/build/CMakeFiles/CMakeTmp

Run Build Command:"/usr/bin/make" "cmTC_e8e1f/fast"
/usr/bin/make -f CMakeFiles/cmTC_e8e1f.dir/build.make CMakeFiles/cmTC_e8e1f.dir/build
make[1]: Entering directory '/home/robot/catkin_ws/src/2021_embedded/wed_05/build/CMakeFiles/CMakeTmp'
Building C object CMakeFiles/cmTC_e8e1f.dir/CheckSymbolExists.c.o
/usr/bin/cc     -o CMakeFiles/cmTC_e8e1f.dir/CheckSymbolExists.c.o   -c /home/robot/catkin_ws/src/2021_embedded/wed_05/build/CMakeFiles/CMakeTmp/CheckSymbolExists.c
Linking C executable cmTC_e8e1f
/usr/bin/cmake -E cmake_link_script CMakeFiles/cmTC_e8e1f.dir/link.txt --verbose=1
/usr/bin/cc       CMakeFiles/cmTC_e8e1f.dir/CheckSymbolExists.c.o  -o cmTC_e8e1f -rdynamic 
CMakeFiles/cmTC_e8e1f.dir/CheckSymbolExists.c.o: In function `main':
CheckSymbolExists.c:(.text+0x16): undefined reference to `pthread_create'
collect2: error: ld returned 1 exit status
CMakeFiles/cmTC_e8e1f.dir/build.make:97: recipe for target 'cmTC_e8e1f' failed
make[1]: *** [cmTC_e8e1f] Error 1
make[1]: Leaving directory '/home/robot/catkin_ws/src/2021_embedded/wed_05/build/CMakeFiles/CMakeTmp'
Makefile:126: recipe for target 'cmTC_e8e1f/fast' failed
make: *** [cmTC_e8e1f/fast] Error 2

File /home/robot/catkin_ws/src/2021_embedded/wed_05/build/CMakeFiles/CMakeTmp/CheckSymbolExists.c:
/* */
#include <pthread.h>

int main(int argc, char** argv)
{
  (void)argv;
#ifndef pthread_create
  return ((int*)(&pthread_create))[argc];
#else
  (void)argc;
  return 0;
#endif
}

Determining if the function pthread_create exists in the pthreads failed with the following output:
Change Dir: /home/robot/catkin_ws/src/2021_embedded/wed_05/build/CMakeFiles/CMakeTmp

Run Build Command:"/usr/bin/make" "cmTC_12ffd/fast"
/usr/bin/make -f CMakeFiles/cmTC_12ffd.dir/build.make CMakeFiles/cmTC_12ffd.dir/build
make[1]: Entering directory '/home/robot/catkin_ws/src/2021_embedded/wed_05/build/CMakeFiles/CMakeTmp'
Building C object CMakeFiles/cmTC_12ffd.dir/CheckFunctionExists.c.o
/usr/bin/cc    -DCHECK_FUNCTION_EXISTS=pthread_create   -o CMakeFiles/cmTC_12ffd.dir/CheckFunctionExists.c.o   -c /usr/share/cmake-3.5/Modules/CheckFunctionExists.c
Linking C executable cmTC_12ffd
/usr/bin/cmake -E cmake_link_script CMakeFiles/cmTC_12ffd.dir/link.txt --verbose=1
/usr/bin/cc   -DCHECK_FUNCTION_EXISTS=pthread_create    CMakeFiles/cmTC_12ffd.dir/CheckFunctionExists.c.o  -o cmTC_12ffd -rdynamic -lpthreads 
/usr/bin/ld: cannot find -lpthreads
collect2: error: ld returned 1 exit status
CMakeFiles/cmTC_12ffd.dir/build.make:97: recipe for target 'cmTC_12ffd' failed
make[1]: *** [cmTC_12ffd] Error 1
make[1]: Leaving directory '/home/robot/catkin_ws/src/2021_embedded/wed_05/build/CMakeFiles/CMakeTmp'
Makefile:126: recipe for target 'cmTC_12ffd/fast' failed
make: *** [cmTC_12ffd/fast] Error 2


